<?xml version="1.0" encoding="UTF-8"?>
<testsuite xmlns:xsi="http://www.w3.org/2001/XMLSchema-instance" xsi:noNamespaceSchemaLocation="https://maven.apache.org/surefire/maven-surefire-plugin/xsd/surefire-test-report.xsd" name="org.apache.ignite.meuSegundoAppIgnite.AppTest" time="0.098" tests="1" errors="0" skipped="0" failures="0">
  <properties>
    <property name="sun.desktop" value="windows"/>
    <property name="awt.toolkit" value="sun.awt.windows.WToolkit"/>
    <property name="file.encoding.pkg" value="sun.io"/>
    <property name="java.specification.version" value="1.8"/>
    <property name="sun.cpu.isalist" value="amd64"/>
    <property name="sun.jnu.encoding" value="Cp1252"/>
    <property name="java.class.path" value="C:\AmbienteBB\pin-ignite\meuSegundoAppIgnite\target\test-classes;C:\AmbienteBB\pin-ignite\meuSegundoAppIgnite\target\classes;C:\Users\Fabio\.m2\repository\junit\junit\4.11\junit-4.11.jar;C:\Users\Fabio\.m2\repository\org\hamcrest\hamcrest-core\1.3\hamcrest-core-1.3.jar;C:\Users\Fabio\.m2\repository\org\apache\ignite\ignite-core\2.8.1\ignite-core-2.8.1.jar;C:\Users\Fabio\.m2\repository\javax\cache\cache-api\1.0.0\cache-api-1.0.0.jar;C:\Users\Fabio\.m2\repository\org\jetbrains\annotations\16.0.3\annotations-16.0.3.jar;C:\Users\Fabio\.m2\repository\org\gridgain\ignite-shmem\1.0.0\ignite-shmem-1.0.0.jar;C:\Users\Fabio\.m2\repository\org\apache\ignite\ignite-spring\2.8.1\ignite-spring-2.8.1.jar;C:\Users\Fabio\.m2\repository\org\apache\ignite\ignite-indexing\2.8.1\ignite-indexing-2.8.1.jar;C:\Users\Fabio\.m2\repository\commons-codec\commons-codec\1.11\commons-codec-1.11.jar;C:\Users\Fabio\.m2\repository\org\apache\lucene\lucene-core\7.4.0\lucene-core-7.4.0.jar;C:\Users\Fabio\.m2\repository\org\apache\lucene\lucene-analyzers-common\7.4.0\lucene-analyzers-common-7.4.0.jar;C:\Users\Fabio\.m2\repository\org\apache\lucene\lucene-queryparser\7.4.0\lucene-queryparser-7.4.0.jar;C:\Users\Fabio\.m2\repository\org\apache\lucene\lucene-queries\7.4.0\lucene-queries-7.4.0.jar;C:\Users\Fabio\.m2\repository\org\apache\lucene\lucene-sandbox\7.4.0\lucene-sandbox-7.4.0.jar;C:\Users\Fabio\.m2\repository\com\h2database\h2\1.4.197\h2-1.4.197.jar;C:\Users\Fabio\.m2\repository\org\springframework\spring-core\4.3.26.RELEASE\spring-core-4.3.26.RELEASE.jar;C:\Users\Fabio\.m2\repository\org\springframework\spring-aop\4.3.26.RELEASE\spring-aop-4.3.26.RELEASE.jar;C:\Users\Fabio\.m2\repository\org\springframework\spring-beans\4.3.26.RELEASE\spring-beans-4.3.26.RELEASE.jar;C:\Users\Fabio\.m2\repository\org\springframework\spring-context\4.3.26.RELEASE\spring-context-4.3.26.RELEASE.jar;C:\Users\Fabio\.m2\repository\org\springframework\spring-expression\4.3.26.RELEASE\spring-expression-4.3.26.RELEASE.jar;C:\Users\Fabio\.m2\repository\org\springframework\spring-tx\4.3.26.RELEASE\spring-tx-4.3.26.RELEASE.jar;C:\Users\Fabio\.m2\repository\org\springframework\spring-jdbc\4.3.26.RELEASE\spring-jdbc-4.3.26.RELEASE.jar;C:\Users\Fabio\.m2\repository\commons-logging\commons-logging\1.1.1\commons-logging-1.1.1.jar;"/>
    <property name="java.vm.vendor" value="Oracle Corporation"/>
    <property name="sun.arch.data.model" value="64"/>
    <property name="user.variant" value=""/>
    <property name="java.vendor.url" value="http://java.oracle.com/"/>
    <property name="user.timezone" value="America/Sao_Paulo"/>
    <property name="java.vm.specification.version" value="1.8"/>
    <property name="os.name" value="Windows 10"/>
    <property name="user.country" value="BR"/>
    <property name="sun.java.launcher" value="SUN_STANDARD"/>
    <property name="sun.boot.library.path" value="C:\Program Files\Java\jdk1.8.0_111\jre\bin"/>
    <property name="sun.java.command" value="C:\Users\Fabio\AppData\Local\Temp\surefire4153732789245253259\surefirebooter3771655963574378383.jar C:\Users\Fabio\AppData\Local\Temp\surefire4153732789245253259 2020-07-31T14-29-56_662-jvmRun1 surefire3592795046461645889tmp surefire_06399138549448059754tmp"/>
    <property name="surefire.test.class.path" value="C:\AmbienteBB\pin-ignite\meuSegundoAppIgnite\target\test-classes;C:\AmbienteBB\pin-ignite\meuSegundoAppIgnite\target\classes;C:\Users\Fabio\.m2\repository\junit\junit\4.11\junit-4.11.jar;C:\Users\Fabio\.m2\repository\org\hamcrest\hamcrest-core\1.3\hamcrest-core-1.3.jar;C:\Users\Fabio\.m2\repository\org\apache\ignite\ignite-core\2.8.1\ignite-core-2.8.1.jar;C:\Users\Fabio\.m2\repository\javax\cache\cache-api\1.0.0\cache-api-1.0.0.jar;C:\Users\Fabio\.m2\repository\org\jetbrains\annotations\16.0.3\annotations-16.0.3.jar;C:\Users\Fabio\.m2\repository\org\gridgain\ignite-shmem\1.0.0\ignite-shmem-1.0.0.jar;C:\Users\Fabio\.m2\repository\org\apache\ignite\ignite-spring\2.8.1\ignite-spring-2.8.1.jar;C:\Users\Fabio\.m2\repository\org\apache\ignite\ignite-indexing\2.8.1\ignite-indexing-2.8.1.jar;C:\Users\Fabio\.m2\repository\commons-codec\commons-codec\1.11\commons-codec-1.11.jar;C:\Users\Fabio\.m2\repository\org\apache\lucene\lucene-core\7.4.0\lucene-core-7.4.0.jar;C:\Users\Fabio\.m2\repository\org\apache\lucene\lucene-analyzers-common\7.4.0\lucene-analyzers-common-7.4.0.jar;C:\Users\Fabio\.m2\repository\org\apache\lucene\lucene-queryparser\7.4.0\lucene-queryparser-7.4.0.jar;C:\Users\Fabio\.m2\repository\org\apache\lucene\lucene-queries\7.4.0\lucene-queries-7.4.0.jar;C:\Users\Fabio\.m2\repository\org\apache\lucene\lucene-sandbox\7.4.0\lucene-sandbox-7.4.0.jar;C:\Users\Fabio\.m2\repository\com\h2database\h2\1.4.197\h2-1.4.197.jar;C:\Users\Fabio\.m2\repository\org\springframework\spring-core\4.3.26.RELEASE\spring-core-4.3.26.RELEASE.jar;C:\Users\Fabio\.m2\repository\org\springframework\spring-aop\4.3.26.RELEASE\spring-aop-4.3.26.RELEASE.jar;C:\Users\Fabio\.m2\repository\org\springframework\spring-beans\4.3.26.RELEASE\spring-beans-4.3.26.RELEASE.jar;C:\Users\Fabio\.m2\repository\org\springframework\spring-context\4.3.26.RELEASE\spring-context-4.3.26.RELEASE.jar;C:\Users\Fabio\.m2\repository\org\springframework\spring-expression\4.3.26.RELEASE\spring-expression-4.3.26.RELEASE.jar;C:\Users\Fabio\.m2\repository\org\springframework\spring-tx\4.3.26.RELEASE\spring-tx-4.3.26.RELEASE.jar;C:\Users\Fabio\.m2\repository\org\springframework\spring-jdbc\4.3.26.RELEASE\spring-jdbc-4.3.26.RELEASE.jar;C:\Users\Fabio\.m2\repository\commons-logging\commons-logging\1.1.1\commons-logging-1.1.1.jar;"/>
    <property name="sun.cpu.endian" value="little"/>
    <property name="user.home" value="C:\Users\Fabio"/>
    <property name="user.language" value="pt"/>
    <property name="java.specification.vendor" value="Oracle Corporation"/>
    <property name="java.home" value="C:\Program Files\Java\jdk1.8.0_111\jre"/>
    <property name="basedir" value="C:\AmbienteBB\pin-ignite\meuSegundoAppIgnite"/>
    <property name="file.separator" value="\"/>
    <property name="line.separator" value="&#10;"/>
    <property name="java.vm.specification.vendor" value="Oracle Corporation"/>
    <property name="java.specification.name" value="Java Platform API Specification"/>
    <property name="java.awt.graphicsenv" value="sun.awt.Win32GraphicsEnvironment"/>
    <property name="surefire.real.class.path" value="C:\Users\Fabio\AppData\Local\Temp\surefire4153732789245253259\surefirebooter3771655963574378383.jar"/>
    <property name="sun.boot.class.path" value="C:\Program Files\Java\jdk1.8.0_111\jre\lib\resources.jar;C:\Program Files\Java\jdk1.8.0_111\jre\lib\rt.jar;C:\Program Files\Java\jdk1.8.0_111\jre\lib\sunrsasign.jar;C:\Program Files\Java\jdk1.8.0_111\jre\lib\jsse.jar;C:\Program Files\Java\jdk1.8.0_111\jre\lib\jce.jar;C:\Program Files\Java\jdk1.8.0_111\jre\lib\charsets.jar;C:\Program Files\Java\jdk1.8.0_111\jre\lib\jfr.jar;C:\Program Files\Java\jdk1.8.0_111\jre\classes"/>
    <property name="user.script" value=""/>
    <property name="sun.management.compiler" value="HotSpot 64-Bit Tiered Compilers"/>
    <property name="java.runtime.version" value="1.8.0_111-b14"/>
    <property name="user.name" value="Fabio"/>
    <property name="path.separator" value=";"/>
    <property name="os.version" value="10.0"/>
    <property name="java.endorsed.dirs" value="C:\Program Files\Java\jdk1.8.0_111\jre\lib\endorsed"/>
    <property name="java.runtime.name" value="Java(TM) SE Runtime Environment"/>
    <property name="file.encoding" value="Cp1252"/>
    <property name="java.vm.name" value="Java HotSpot(TM) 64-Bit Server VM"/>
    <property name="localRepository" value="C:\Users\Fabio\.m2\repository"/>
    <property name="java.vendor.url.bug" value="http://bugreport.sun.com/bugreport/"/>
    <property name="java.io.tmpdir" value="C:\Users\Fabio\AppData\Local\Temp\"/>
    <property name="java.version" value="1.8.0_111"/>
    <property name="user.dir" value="C:\AmbienteBB\pin-ignite\meuSegundoAppIgnite"/>
    <property name="os.arch" value="amd64"/>
    <property name="java.vm.specification.name" value="Java Virtual Machine Specification"/>
    <property name="java.awt.printerjob" value="sun.awt.windows.WPrinterJob"/>
    <property name="sun.os.patch.level" value=""/>
    <property name="java.library.path" value="C:\Program Files\Java\jdk1.8.0_111\jre\bin;C:\Windows\Sun\Java\bin;C:\Windows\system32;C:\Windows;C:/Program Files/Java/jdk1.8.0_111/jre/bin/server;C:/Program Files/Java/jdk1.8.0_111/jre/bin;C:/Program Files/Java/jdk1.8.0_111/jre/lib/amd64;C:\Python38\Scripts\;C:\Python38\;C:\Program Files (x86)\Common Files\Oracle\Java\javapath;C:\Windows\system32;C:\Windows;C:\Windows\System32\Wbem;C:\Windows\System32\WindowsPowerShell\v1.0\;C:\Windows\System32\OpenSSH\;C:\Program Files\Java\jdk1.8.0_111\bin;C:\apache-maven-3.5.0\bin;C:\Program Files\Git\cmd;C:\apache-ignite-2.8.1-bin\bin;C:\ProgramData\chocolatey\bin;C:\Program Files\nodejs\;C:\Users\Fabio\AppData\Local\Microsoft\WindowsApps;;C:\Users\Fabio\AppData\Local\Programs\Microsoft VS Code\bin;C:\Program Files\heroku\bin;C:\Users\Fabio\AppData\Roaming\npm;C:\Users\Fabio\Desktop;;."/>
    <property name="java.vm.info" value="mixed mode"/>
    <property name="java.vendor" value="Oracle Corporation"/>
    <property name="java.vm.version" value="25.111-b14"/>
    <property name="java.ext.dirs" value="C:\Program Files\Java\jdk1.8.0_111\jre\lib\ext;C:\Windows\Sun\Java\lib\ext"/>
    <property name="sun.io.unicode.encoding" value="UnicodeLittle"/>
    <property name="java.class.version" value="52.0"/>
  </properties>
  <testcase name="shouldAnswerWithTrue" classname="org.apache.ignite.meuSegundoAppIgnite.AppTest" time="0.004"/>
</testsuite>